<?xml version="1.0" encoding="UTF-8"?>
<!-- Generated by org.testng.reporters.JUnitReportReporter -->
<testsuite skipped="0" hostname="Manjushas-MacBook-Pro.local" name="MavenProjects.MavenJavaProjects.Selenium111Test" tests="2" failures="0" timestamp="2020-06-30T18:42:34 PDT" time="0.002" errors="0">
  <testcase name="seleniumTestCase1" time="0.002" classname="MavenProjects.MavenJavaProjects.Selenium111Test"/>
  <system-out/>
  <testcase name="seleniumTestCase2" time="0.000" classname="MavenProjects.MavenJavaProjects.Selenium111Test"/>
  <system-out/>
</testsuite> <!-- MavenProjects.MavenJavaProjects.Selenium111Test -->
