<?xml version="1.0" encoding="UTF-8"?>
<!-- Generated by org.testng.reporters.JUnitReportReporter -->
<testsuite skipped="0" hostname="Manjushas-MacBook-Pro.local" name="MavenProjects.MavenJavaProjects.AppiumTest" tests="2" failures="0" timestamp="2020-06-30T19:06:03 PDT" time="0.000" errors="0">
  <testcase name="appiumTestCase2" time="0.000" classname="MavenProjects.MavenJavaProjects.AppiumTest"/>
  <system-out/>
  <testcase name="appiumTestCase1" time="0.000" classname="MavenProjects.MavenJavaProjects.AppiumTest"/>
  <system-out/>
</testsuite> <!-- MavenProjects.MavenJavaProjects.AppiumTest -->
