<?xml version="1.0" encoding="UTF-8"?>
<!-- Generated by org.testng.reporters.JUnitReportReporter -->
<testsuite skipped="0" hostname="Manjushas-MacBook-Pro.local" name="MavenProjects.MavenJavaProjects.SeleniumTest" tests="2" failures="0" timestamp="2020-06-30T19:06:11 PDT" time="0.000" errors="0">
  <testcase name="seleniumTestCase2" time="0.000" classname="MavenProjects.MavenJavaProjects.SeleniumTest"/>
  <system-out/>
  <testcase name="seleniumTestCase1" time="0.000" classname="MavenProjects.MavenJavaProjects.SeleniumTest"/>
  <system-out/>
</testsuite> <!-- MavenProjects.MavenJavaProjects.SeleniumTest -->
