<?xml version="1.0" encoding="UTF-8"?>
<!-- Generated by org.testng.reporters.JUnitReportReporter -->
<testsuite skipped="0" hostname="Manjushas-MacBook-Pro.local" name="MavenProjects.MavenJavaProjects.RestAPITest" tests="2" failures="0" timestamp="2020-06-30T19:06:11 PDT" time="0.002" errors="0">
  <testcase name="RestAPITestCase2" time="0.002" classname="MavenProjects.MavenJavaProjects.RestAPITest"/>
  <system-out/>
  <testcase name="restAPITestCase1" time="0.000" classname="MavenProjects.MavenJavaProjects.RestAPITest"/>
  <system-out/>
</testsuite> <!-- MavenProjects.MavenJavaProjects.RestAPITest -->
